<?xml version="1.0" encoding="UTF-8"?>
<testsuite xmlns:xsi="http://www.w3.org/2001/XMLSchema-instance" xsi:noNamespaceSchemaLocation="https://maven.apache.org/surefire/maven-surefire-plugin/xsd/surefire-test-report-3.0.xsd" version="3.0" name="cn.apilabs.coordinate.LongitudeAndLatitudeTest" time="0.004" tests="1" errors="0" skipped="0" failures="0">
  <properties>
    <property name="sun.desktop" value="windows"/>
    <property name="awt.toolkit" value="sun.awt.windows.WToolkit"/>
    <property name="file.encoding.pkg" value="sun.io"/>
    <property name="java.specification.version" value="1.8"/>
    <property name="sun.cpu.isalist" value="amd64"/>
    <property name="sun.jnu.encoding" value="GBK"/>
    <property name="java.class.path" value="E:\code\apilabs-public\target\test-classes;E:\code\apilabs-public\target\classes;E:\mvnrepository\org\apache\commons\commons-compress\1.20\commons-compress-1.20.jar;E:\mvnrepository\org\apache\commons\commons-configuration2\2.7\commons-configuration2-2.7.jar;E:\mvnrepository\org\apache\commons\commons-lang3\3.9\commons-lang3-3.9.jar;E:\mvnrepository\org\apache\commons\commons-text\1.8\commons-text-1.8.jar;E:\mvnrepository\commons-logging\commons-logging\1.2\commons-logging-1.2.jar;E:\mvnrepository\commons-beanutils\commons-beanutils\1.9.3\commons-beanutils-1.9.3.jar;E:\mvnrepository\commons-collections\commons-collections\3.2.2\commons-collections-3.2.2.jar;E:\mvnrepository\commons-io\commons-io\2.6\commons-io-2.6.jar;E:\mvnrepository\junit\junit\4.12\junit-4.12.jar;E:\mvnrepository\org\hamcrest\hamcrest-core\1.3\hamcrest-core-1.3.jar;"/>
    <property name="java.vm.vendor" value="AdoptOpenJDK"/>
    <property name="sun.arch.data.model" value="64"/>
    <property name="user.variant" value=""/>
    <property name="java.vendor.url" value="https://adoptopenjdk.net/"/>
    <property name="user.timezone" value="Asia/Shanghai"/>
    <property name="java.vm.specification.version" value="1.8"/>
    <property name="os.name" value="Windows 10"/>
    <property name="user.country" value="CN"/>
    <property name="sun.java.launcher" value="SUN_STANDARD"/>
    <property name="sun.boot.library.path" value="E:\Java\jdk8u275-b01\jre\bin"/>
    <property name="sun.java.command" value="C:\Users\zhangkai\AppData\Local\Temp\surefire6812256916891827032\surefirebooter8286434241155447256.jar C:\Users\zhangkai\AppData\Local\Temp\surefire6812256916891827032 2021-03-18T09-20-49_254-jvmRun1 surefire6720369026220191199tmp surefire_07201449025567274689tmp"/>
    <property name="surefire.test.class.path" value="E:\code\apilabs-public\target\test-classes;E:\code\apilabs-public\target\classes;E:\mvnrepository\org\apache\commons\commons-compress\1.20\commons-compress-1.20.jar;E:\mvnrepository\org\apache\commons\commons-configuration2\2.7\commons-configuration2-2.7.jar;E:\mvnrepository\org\apache\commons\commons-lang3\3.9\commons-lang3-3.9.jar;E:\mvnrepository\org\apache\commons\commons-text\1.8\commons-text-1.8.jar;E:\mvnrepository\commons-logging\commons-logging\1.2\commons-logging-1.2.jar;E:\mvnrepository\commons-beanutils\commons-beanutils\1.9.3\commons-beanutils-1.9.3.jar;E:\mvnrepository\commons-collections\commons-collections\3.2.2\commons-collections-3.2.2.jar;E:\mvnrepository\commons-io\commons-io\2.6\commons-io-2.6.jar;E:\mvnrepository\junit\junit\4.12\junit-4.12.jar;E:\mvnrepository\org\hamcrest\hamcrest-core\1.3\hamcrest-core-1.3.jar;"/>
    <property name="sun.cpu.endian" value="little"/>
    <property name="user.home" value="C:\Users\zhangkai"/>
    <property name="user.language" value="zh"/>
    <property name="java.specification.vendor" value="Oracle Corporation"/>
    <property name="java.home" value="E:\Java\jdk8u275-b01\jre"/>
    <property name="basedir" value="E:\code\apilabs-public"/>
    <property name="file.separator" value="\"/>
    <property name="line.separator" value="&#10;"/>
    <property name="java.vm.specification.vendor" value="Oracle Corporation"/>
    <property name="java.specification.name" value="Java Platform API Specification"/>
    <property name="java.awt.graphicsenv" value="sun.awt.Win32GraphicsEnvironment"/>
    <property name="surefire.real.class.path" value="C:\Users\zhangkai\AppData\Local\Temp\surefire6812256916891827032\surefirebooter8286434241155447256.jar"/>
    <property name="sun.boot.class.path" value="E:\Java\jdk8u275-b01\jre\lib\resources.jar;E:\Java\jdk8u275-b01\jre\lib\rt.jar;E:\Java\jdk8u275-b01\jre\lib\sunrsasign.jar;E:\Java\jdk8u275-b01\jre\lib\jsse.jar;E:\Java\jdk8u275-b01\jre\lib\jce.jar;E:\Java\jdk8u275-b01\jre\lib\charsets.jar;E:\Java\jdk8u275-b01\jre\lib\jfr.jar;E:\Java\jdk8u275-b01\jre\classes"/>
    <property name="user.script" value=""/>
    <property name="sun.management.compiler" value="HotSpot 64-Bit Tiered Compilers"/>
    <property name="java.runtime.version" value="1.8.0_275-b01"/>
    <property name="user.name" value="zhangkai"/>
    <property name="path.separator" value=";"/>
    <property name="os.version" value="10.0"/>
    <property name="java.endorsed.dirs" value="E:\Java\jdk8u275-b01\jre\lib\endorsed"/>
    <property name="java.runtime.name" value="OpenJDK Runtime Environment"/>
    <property name="file.encoding" value="UTF8"/>
    <property name="java.vm.name" value="OpenJDK 64-Bit Server VM"/>
    <property name="localRepository" value="E:\mvnrepository"/>
    <property name="java.vendor.url.bug" value="https://github.com/AdoptOpenJDK/openjdk-support/issues"/>
    <property name="java.io.tmpdir" value="C:\Users\zhangkai\AppData\Local\Temp\"/>
    <property name="idea.version" value="2020.3.2"/>
    <property name="java.version" value="1.8.0_275"/>
    <property name="user.dir" value="E:\code\apilabs-public"/>
    <property name="os.arch" value="amd64"/>
    <property name="java.vm.specification.name" value="Java Virtual Machine Specification"/>
    <property name="java.awt.printerjob" value="sun.awt.windows.WPrinterJob"/>
    <property name="sun.os.patch.level" value=""/>
    <property name="java.library.path" value="E:\Java\jdk8u275-b01\jre\bin;C:\Windows\Sun\Java\bin;C:\Windows\system32;C:\Windows;C:\Windows\system32;C:\Windows;C:\Windows\System32\Wbem;C:\Windows\System32\WindowsPowerShell\v1.0\;C:\Windows\System32\OpenSSH\;C:\Program Files\Git\cmd;C:\Program Files\nodejs\;C:\Users\zhangkai\AppData\Local\Microsoft\WindowsApps;E:\java\jdk8u275-b01\bin;E:\java\apache-maven-3.6.3\bin;C:\Users\zhangkai\AppData\Roaming\npm;."/>
    <property name="java.vm.info" value="mixed mode"/>
    <property name="java.vendor" value="AdoptOpenJDK"/>
    <property name="java.vm.version" value="25.275-b01"/>
    <property name="java.ext.dirs" value="E:\Java\jdk8u275-b01\jre\lib\ext;C:\Windows\Sun\Java\lib\ext"/>
    <property name="sun.io.unicode.encoding" value="UnicodeLittle"/>
    <property name="java.class.version" value="52.0"/>
  </properties>
  <testcase name="toDecimal" classname="cn.apilabs.coordinate.LongitudeAndLatitudeTest" time="0"/>
</testsuite>